# -*-compilation-*-
»D:/Data/BenL/Eigene Dokumente/Musiknoten/LilyPond Projects/Mozart K.581-lys/k581-clarinet.ly« wird verarbeitet
Analysieren...
D:/Data/BenL/Eigene Dokumente/Musiknoten/LilyPond Projects/Mozart K.581-lys/k581-clarinet.ly:0: warning: alte relative Kompatibilität nicht verwendet
Interpretation der Musik...
Interpretation der Musik...[8][16][24][32][40][48][56][64][72][80][88][96][104][112][120][128][136][144][152]
Vorverarbeitung der grafischen Elemente...
Interpretation der Musik...
Interpretation der Musik...[8][16][24][32][40][48][56][64][72][80]
Vorverarbeitung der grafischen Elemente...
Interpretation der Musik...
Interpretation der Musik...[8][16][24][32][40][48][56][64][72]
Vorverarbeitung der grafischen Elemente...
Interpretation der Musik...
Interpretation der Musik...[8][16][24][32][40][48][56][64][72][80][88][96][104]
Vorverarbeitung der grafischen Elemente...
MIDI-Ausgabe nach »/Data/BenL/Eigene Dokumente/Musiknoten/LilyPond Projects/Mozart K.581-lys/k581-clarinet.mid«...
MIDI-Ausgabe nach »/Data/BenL/Eigene Dokumente/Musiknoten/LilyPond Projects/Mozart K.581-lys/k581-clarinet-1.mid«...
MIDI-Ausgabe nach »/Data/BenL/Eigene Dokumente/Musiknoten/LilyPond Projects/Mozart K.581-lys/k581-clarinet-2.mid«...
MIDI-Ausgabe nach »/Data/BenL/Eigene Dokumente/Musiknoten/LilyPond Projects/Mozart K.581-lys/k581-clarinet-3.mid«...
Ideale Seitenanzahl wird gefunden...
Musik wird auf 7 oder 8 Seiten angepasst...
Systeme erstellen...
Layout nach »/Data/BenL/Eigene Dokumente/Musiknoten/LilyPond Projects/Mozart K.581-lys/k581-clarinet.ps« ausgeben...
Konvertierung nach »/Data/BenL/Eigene Dokumente/Musiknoten/LilyPond Projects/Mozart K.581-lys/k581-clarinet.pdf«...
